TN:
SF:src/MaiatPassport.sol
DA:40,22
FN:40,MaiatPassport.constructor
FNDA:22,MaiatPassport.constructor
DA:41,22
DA:42,22
DA:43,22
DA:46,530
FN:46,MaiatPassport.mint
FNDA:530,MaiatPassport.mint
DA:47,1
BRDA:47,0,0,1
DA:48,528
DA:49,528
DA:50,528
DA:51,528
DA:52,528
DA:55,265
FN:55,MaiatPassport.updatePassport
FNDA:265,MaiatPassport.updatePassport
DA:61,264
BRDA:61,1,0,1
DA:62,263
DA:63,263
DA:69,263
DA:72,2
FN:72,MaiatPassport.tokenURI
FNDA:2,MaiatPassport.tokenURI
DA:73,2
DA:74,2
DA:76,2
DA:77,2
DA:79,2
DA:85,2
DA:88,2
FN:88,MaiatPassport._buildSVG
FNDA:2,MaiatPassport._buildSVG
DA:89,2
DA:95,2
DA:101,2
DA:105,530
FN:105,MaiatPassport._update
FNDA:530,MaiatPassport._update
DA:106,530
DA:107,530
BRDA:107,2,0,2
DA:108,528
DA:111,3
FN:111,MaiatPassport.supportsInterface
FNDA:3,MaiatPassport.supportsInterface
DA:112,3
FNF:7
FNH:7
LF:33
LH:33
BRF:3
BRH:3
end_of_record
TN:
SF:src/MaiatTrustConsumer.sol
DA:90,45
FN:90,MaiatTrustConsumer.constructor
FNDA:45,MaiatTrustConsumer.constructor
DA:96,44
BRDA:96,0,0,2
DA:97,42
DA:98,42
DA:99,42
DA:109,531
FN:109,MaiatTrustConsumer.onReport
FNDA:531,MaiatTrustConsumer.onReport
DA:110,531
BRDA:110,1,0,3
DA:113,528
DA:116,270
BRDA:116,2,0,2
DA:117,2
DA:121,268
BRDA:121,3,0,1
DA:122,1
DA:126,267
DA:131,267
DA:135,267
DA:138,267
DA:140,267
DA:141,267
DA:142,267
DA:144,267
DA:148,3
FN:148,MaiatTrustConsumer.supportsInterface
FNDA:3,MaiatTrustConsumer.supportsInterface
DA:149,3
DA:157,4
FN:157,MaiatTrustConsumer.setForwarder
FNDA:4,MaiatTrustConsumer.setForwarder
DA:158,3
BRDA:158,4,0,1
DA:159,2
DA:160,2
DA:164,7
FN:164,MaiatTrustConsumer.proposeOracle
FNDA:7,MaiatTrustConsumer.proposeOracle
DA:165,6
BRDA:165,5,0,1
DA:166,5
DA:167,5
DA:168,5
DA:172,5
FN:172,MaiatTrustConsumer.executeOracleUpdate
FNDA:5,MaiatTrustConsumer.executeOracleUpdate
DA:173,4
BRDA:173,6,0,1
DA:174,3
BRDA:174,7,0,1
DA:175,1
DA:177,2
DA:178,2
DA:179,2
DA:180,2
DA:181,2
DA:186,4
FN:186,MaiatTrustConsumer.setExpectedWorkflowOwner
FNDA:4,MaiatTrustConsumer.setExpectedWorkflowOwner
DA:187,3
DA:188,3
DA:196,528
FN:196,MaiatTrustConsumer._decodeMetadata
FNDA:528,MaiatTrustConsumer._decodeMetadata
DA:203,528
BRDA:203,8,0,258
DA:204,270
DA:205,270
DA:206,270
FNF:8
FNH:8
LF:48
LH:48
BRF:9
BRH:9
end_of_record
TN:
SF:src/ScarabToken.sol
DA:31,33
FN:31,ScarabToken.constructor
FNDA:33,ScarabToken.constructor
DA:33,33
DA:39,1300
FN:39,ScarabToken.mint
FNDA:1300,ScarabToken.mint
DA:40,1299
DA:45,260
FN:45,ScarabToken.adminBurn
FNDA:260,ScarabToken.adminBurn
DA:46,259
DA:50,520
FN:50,ScarabToken.setTransferTax
FNDA:520,ScarabToken.setTransferTax
DA:51,519
BRDA:51,0,0,258
BRDA:51,0,1,261
DA:52,261
DA:53,261
DA:54,261
DA:58,262
FN:58,ScarabToken.setTaxExempt
FNDA:262,ScarabToken.setTaxExempt
DA:59,261
DA:60,261
DA:66,2596
FN:66,ScarabToken._update
FNDA:2596,ScarabToken._update
DA:73,2596
DA:74,1298
DA:75,1039
DA:78,1821
BRDA:78,1,0,1821
DA:79,1821
DA:80,1683
DA:84,775
DA:85,775
DA:88,775
DA:90,775
FNF:6
FNH:6
LF:25
LH:25
BRF:3
BRH:3
end_of_record
TN:
SF:src/TrustGateHook.sol
DA:96,39
FN:96,TrustGateHook.constructor
FNDA:39,TrustGateHook.constructor
DA:100,38
BRDA:100,0,0,1
DA:101,37
BRDA:101,1,0,1
DA:102,36
BRDA:102,2,0,-
DA:104,36
DA:105,36
DA:116,0
FN:116,TrustGateHook.getHookPermissions
FNDA:0,TrustGateHook.getHookPermissions
DA:117,0
DA:141,1
FN:141,TrustGateHook.setRouterAllowance
FNDA:1,TrustGateHook.setRouterAllowance
DA:142,1
BRDA:142,3,0,-
DA:143,1
DA:144,1
DA:151,265
FN:151,TrustGateHook.proposeThreshold
FNDA:265,TrustGateHook.proposeThreshold
DA:152,264
BRDA:152,4,0,1
DA:153,263
BRDA:153,5,0,1
DA:154,262
DA:155,262
DA:156,262
DA:160,262
FN:160,TrustGateHook.executeThresholdUpdate
FNDA:262,TrustGateHook.executeThresholdUpdate
DA:161,262
BRDA:161,6,0,-
DA:162,262
BRDA:162,7,0,1
DA:163,1
DA:165,261
DA:166,261
DA:167,261
DA:168,261
DA:169,261
DA:191,535
FN:191,TrustGateHook.beforeSwap
FNDA:535,TrustGateHook.beforeSwap
DA:198,533
DA:199,533
BRDA:199,8,0,532
DA:200,532
DA:201,531
BRDA:201,9,0,134
DA:202,134
DA:205,397
BRDA:205,10,0,1
DA:206,1
DA:208,396
DA:212,397
DA:213,397
BRDA:213,11,0,397
DA:214,397
DA:215,397
BRDA:215,12,0,1
DA:216,1
DA:219,396
BRDA:219,13,0,-
DA:220,0
DA:222,396
DA:228,396
DA:229,396
BRDA:229,14,0,1
DA:230,1
DA:233,396
DA:234,396
DA:238,396
DA:240,396
FNF:6
FNH:5
LF:51
LH:48
BRF:15
BRH:11
end_of_record
TN:
SF:src/TrustScoreOracle.sol
DA:96,85
FN:96,TrustScoreOracle.constructor
FNDA:85,TrustScoreOracle.constructor
DA:97,85
DA:98,85
DA:109,10019
FN:109,TrustScoreOracle.getScore
FNDA:10019,TrustScoreOracle.getScore
DA:110,10019
DA:112,10019
DA:113,10017
BRDA:113,1,0,3
DA:114,3
DA:118,10014
BRDA:118,2,0,-
DA:119,0
DA:121,10014
DA:125,924
FN:125,TrustScoreOracle.getUserFee
FNDA:924,TrustScoreOracle.getUserFee
DA:126,924
DA:127,924
DA:128,788
DA:132,794
FN:132,TrustScoreOracle.getDataSource
FNDA:794,TrustScoreOracle.getDataSource
DA:133,794
DA:137,8807
FN:137,TrustScoreOracle.getTokenData
FNDA:8807,TrustScoreOracle.getTokenData
DA:138,8807
DA:142,259
FN:142,TrustScoreOracle.getUserData
FNDA:259,TrustScoreOracle.getUserData
DA:143,259
DA:152,2112
FN:152,TrustScoreOracle.updateTokenScore
FNDA:2112,TrustScoreOracle.updateTokenScore
DA:159,2110
BRDA:159,4,0,504
DA:160,1606
BRDA:160,5,0,-
DA:161,1606
DA:168,1606
DA:172,791
FN:172,TrustScoreOracle.updateUserReputation
FNDA:791,TrustScoreOracle.updateUserReputation
DA:177,790
DA:178,790
BRDA:178,6,0,591
BRDA:178,6,1,41
DA:179,199
BRDA:179,7,0,121
BRDA:179,7,1,41
DA:180,78
BRDA:180,8,0,37
BRDA:180,8,1,41
DA:181,41
DA:183,790
DA:191,790
DA:197,3
FN:197,TrustScoreOracle.resetUserReputation
FNDA:3,TrustScoreOracle.resetUserReputation
DA:198,1
DA:199,1
DA:203,259
FN:203,TrustScoreOracle.batchUpdateTokenScores
FNDA:259,TrustScoreOracle.batchUpdateTokenScores
DA:210,258
DA:211,258
BRDA:211,9,0,3
DA:212,3
DA:214,255
BRDA:214,10,0,1
DA:216,254
DA:217,8582
BRDA:217,11,0,-
DA:218,8582
BRDA:218,12,0,1
DA:219,8581
DA:226,8581
DA:235,5
FN:235,TrustScoreOracle.pause
FNDA:5,TrustScoreOracle.pause
DA:236,4
DA:240,1
FN:240,TrustScoreOracle.unpause
FNDA:1,TrustScoreOracle.unpause
DA:241,1
FNF:12
FNH:12
LF:51
LH:50
BRF:14
BRH:11
end_of_record
TN:
SF:src/base/BaseHook.sol
DA:38,0
FN:38,BaseHook.onlyPoolManager
FNDA:0,BaseHook.onlyPoolManager
DA:39,0
BRDA:39,0,0,-
DA:43,39
FN:43,BaseHook.constructor
FNDA:39,BaseHook.constructor
DA:44,39
DA:55,0
FN:55,BaseHook.beforeInitialize
FNDA:0,BaseHook.beforeInitialize
DA:57,0
DA:59,0
FN:59,BaseHook.afterInitialize
FNDA:0,BaseHook.afterInitialize
DA:61,0
DA:63,0
FN:63,BaseHook.beforeAddLiquidity
FNDA:0,BaseHook.beforeAddLiquidity
DA:65,0
DA:67,0
FN:67,BaseHook.afterAddLiquidity
FNDA:0,BaseHook.afterAddLiquidity
DA:71,0
DA:73,0
FN:73,BaseHook.beforeRemoveLiquidity
FNDA:0,BaseHook.beforeRemoveLiquidity
DA:75,0
DA:77,0
FN:77,BaseHook.afterRemoveLiquidity
FNDA:0,BaseHook.afterRemoveLiquidity
DA:81,0
DA:83,0
FN:83,BaseHook.beforeSwap
FNDA:0,BaseHook.beforeSwap
DA:85,0
DA:87,0
FN:87,BaseHook.afterSwap
FNDA:0,BaseHook.afterSwap
DA:89,0
DA:91,0
FN:91,BaseHook.beforeDonate
FNDA:0,BaseHook.beforeDonate
DA:93,0
DA:95,0
FN:95,BaseHook.afterDonate
FNDA:0,BaseHook.afterDonate
DA:97,0
FNF:12
FNH:1
LF:24
LH:2
BRF:1
BRH:0
end_of_record
